SF:lib/src/entities/entity.dart
DA:3,1
LF:1
LH:1
end_of_record
SF:lib/src/failures/failure.dart
DA:3,0
LF:1
LH:0
end_of_record
SF:lib/src/failures/server_failure.dart
DA:8,1
LF:1
LH:1
end_of_record
SF:lib/src/failures/data_access_failure.dart
DA:7,1
LF:1
LH:1
end_of_record
SF:lib/src/params/params.dart
DA:3,4
DA:8,4
LF:2
LH:2
end_of_record
SF:lib/src/exceptions/server_exception.dart
DA:3,1
LF:1
LH:1
end_of_record
SF:lib/src/exceptions/unauthorized_access_exception.dart
DA:3,1
LF:1
LH:1
end_of_record
SF:lib/src/implementations/repository_without_caching_impl.dart
DA:9,1
DA:19,1
DA:21,3
DA:22,2
DA:23,2
DA:24,4
DA:32,1
DA:33,3
DA:34,2
DA:35,2
DA:36,4
DA:40,1
DA:43,2
DA:44,1
DA:45,3
DA:46,1
DA:47,3
DA:51,4
LF:18
LH:18
end_of_record
